<?xml version="1.0" encoding="UTF-8"?>
<testsuite xmlns:xsi="http://www.w3.org/2001/XMLSchema-instance" xsi:noNamespaceSchemaLocation="https://maven.apache.org/surefire/maven-surefire-plugin/xsd/surefire-test-report-3.0.xsd" version="3.0" name="com.example.eureka.EurekaApplicationTests" time="11.98" tests="1" errors="0" skipped="0" failures="0">
  <properties>
[...]
</properties>
  <testcase name="contextLoads" classname="com.example.eureka.EurekaApplicationTests" time="1.847">
    <system-out><![CDATA[Standard Commons Logging discovery in action with spring-jcl: please remove commons-logging.jar from classpath in order to avoid potential conflicts
20:41:48.601 [main] INFO org.springframework.test.context.support.AnnotationConfigContextLoaderUtils -- Could not detect default configuration classes for test class [com.example.eureka.EurekaApplicationTests]: EurekaApplicationTests does not declare any static, non-private, non-final, nested classes annotated with @Configuration.
20:41:48.831 [main] INFO org.springframework.boot.test.context.SpringBootTestContextBootstrapper -- Found @SpringBootConfiguration com.example.eureka.EurekaApplication for test class com.example.eureka.EurekaApplicationTests

  .   ____          _            __ _ _
 /\\ / ___'_ __ _ _(_)_ __  __ _ \ \ \ \
( ( )\___ | '_ | '_| | '_ \/ _` | \ \ \ \
 \\/  ___)| |_)| | | | | || (_| |  ) ) ) )
  '  |____| .__|_| |_|_| |_\__, | / / / /
 =========|_|==============|___/=/_/_/_/

 :: Spring Boot ::                (v3.3.5)

2024-11-07T20:41:51.163+01:00  INFO 30816 --- [Eureka] [           main] c.example.eureka.EurekaApplicationTests  : Starting EurekaApplicationTests using Java 17.0.13 with PID 30816 (started by wassi in C:\Users\wassi\Documents\GitHub\Mini-Projet_Applications-Web-Distribuees\Eureka)
2024-11-07T20:41:51.165+01:00  INFO 30816 --- [Eureka] [           main] c.example.eureka.EurekaApplicationTests  : No active profile set, falling back to 1 default profile: "default"
2024-11-07T20:41:53.029+01:00  INFO 30816 --- [Eureka] [           main] o.s.cloud.context.scope.GenericScope     : BeanFactory id=4d7b9042-3a92-3cb7-8d29-31dd8e532bdf
2024-11-07T20:41:53.156+01:00  WARN 30816 --- [Eureka] [           main] trationDelegate$BeanPostProcessorChecker : Bean 'org.springframework.cloud.client.loadbalancer.LoadBalancerAutoConfiguration$DeferringLoadBalancerInterceptorConfig' of type [org.springframework.cloud.client.loadbalancer.LoadBalancerAutoConfiguration$DeferringLoadBalancerInterceptorConfig] is not eligible for getting processed by all BeanPostProcessors (for example: not eligible for auto-proxying). The currently created BeanPostProcessor [lbRestClientPostProcessor] is declared through a non-static factory method on that class; consider declaring it as static instead.
2024-11-07T20:41:53.161+01:00  WARN 30816 --- [Eureka] [           main] trationDelegate$BeanPostProcessorChecker : Bean 'deferringLoadBalancerInterceptor' of type [org.springframework.cloud.client.loadbalancer.DeferringLoadBalancerInterceptor] is not eligible for getting processed by all BeanPostProcessors (for example: not eligible for auto-proxying). Is this bean getting eagerly injected/applied to a currently created BeanPostProcessor [lbRestClientPostProcessor]? Check the corresponding BeanPostProcessor declaration and its dependencies/advisors. If this bean does not have to be post-processed, declare it with ROLE_INFRASTRUCTURE.
2024-11-07T20:41:55.406+01:00  INFO 30816 --- [Eureka] [           main] o.s.cloud.commons.util.InetUtils         : Cannot determine local hostname
2024-11-07T20:41:57.109+01:00  INFO 30816 --- [Eureka] [           main] o.s.cloud.commons.util.InetUtils         : Cannot determine local hostname
2024-11-07T20:41:57.218+01:00  WARN 30816 --- [Eureka] [           main] iguration$LoadBalancerCaffeineWarnLogger : Spring Cloud LoadBalancer is currently working with the default cache. While this cache implementation is useful for development and tests, it's recommended to use Caffeine cache in production.You can switch to using Caffeine cache, by adding it and org.springframework.cache.caffeine.CaffeineCacheManager to the classpath.
2024-11-07T20:41:57.633+01:00  INFO 30816 --- [Eureka] [           main] o.s.c.n.eureka.InstanceInfoFactory       : Setting initial instance status as: STARTING
2024-11-07T20:41:57.689+01:00  INFO 30816 --- [Eureka] [           main] com.netflix.discovery.DiscoveryClient    : Initializing Eureka in region us-east-1
2024-11-07T20:41:57.693+01:00  INFO 30816 --- [Eureka] [           main] com.netflix.discovery.DiscoveryClient    : Client configured to neither register nor query for data.
2024-11-07T20:41:57.697+01:00  INFO 30816 --- [Eureka] [           main] com.netflix.discovery.DiscoveryClient    : Discovery Client initialized at timestamp 1731008517696 with initial instances count: 0
2024-11-07T20:41:57.793+01:00  INFO 30816 --- [Eureka] [           main] c.n.eureka.DefaultEurekaServerContext    : Initializing ...
2024-11-07T20:41:57.796+01:00  WARN 30816 --- [Eureka] [           main] c.n.eureka.cluster.PeerEurekaNodes       : The replica size seems to be empty. Check the route 53 DNS Registry
2024-11-07T20:41:57.819+01:00  INFO 30816 --- [Eureka] [           main] c.n.e.registry.AbstractInstanceRegistry  : Finished initializing remote region registries. All known remote regions: []
2024-11-07T20:41:57.819+01:00  INFO 30816 --- [Eureka] [           main] c.n.eureka.DefaultEurekaServerContext    : Initialized
2024-11-07T20:41:58.059+01:00  INFO 30816 --- [Eureka] [           main] o.s.b.a.e.web.EndpointLinksResolver      : Exposing 1 endpoint beneath base path '/actuator'
2024-11-07T20:41:58.159+01:00  INFO 30816 --- [Eureka] [           main] o.s.c.n.e.s.EurekaServiceRegistry        : Registering application EUREKA with eureka with status UP
2024-11-07T20:41:58.183+01:00  INFO 30816 --- [Eureka] [      Thread-10] o.s.c.n.e.server.EurekaServerBootstrap   : isAws returned false
2024-11-07T20:41:58.184+01:00  INFO 30816 --- [Eureka] [      Thread-10] o.s.c.n.e.server.EurekaServerBootstrap   : Initialized server context
2024-11-07T20:41:58.185+01:00  INFO 30816 --- [Eureka] [      Thread-10] c.n.e.r.PeerAwareInstanceRegistryImpl    : Got 1 instances from neighboring DS node
2024-11-07T20:41:58.185+01:00  INFO 30816 --- [Eureka] [      Thread-10] c.n.e.r.PeerAwareInstanceRegistryImpl    : Renew threshold is: 1
2024-11-07T20:41:58.185+01:00  INFO 30816 --- [Eureka] [      Thread-10] c.n.e.r.PeerAwareInstanceRegistryImpl    : Changing status to UP
2024-11-07T20:41:58.190+01:00  INFO 30816 --- [Eureka] [      Thread-10] e.s.EurekaServerInitializerConfiguration : Started Eureka Server
2024-11-07T20:41:58.197+01:00  INFO 30816 --- [Eureka] [           main] c.example.eureka.EurekaApplicationTests  : Started EurekaApplicationTests in 9.023 seconds (process running for 11.195)
]]></system-out>
  </testcase>
</testsuite>