<?xml version="1.0" encoding="UTF-8"?>
<testsuite xmlns:xsi="http://www.w3.org/2001/XMLSchema-instance" xsi:noNamespaceSchemaLocation="https://maven.apache.org/surefire/maven-surefire-plugin/xsd/surefire-test-report-3.0.xsd" version="3.0" name="com.example.apigateway.ApigatewayApplicationTests" time="9.49" tests="1" errors="0" skipped="0" failures="0">
  <properties>
[...]
</properties>
  <testcase name="contextLoads" classname="com.example.apigateway.ApigatewayApplicationTests" time="0.88">
    <system-out><![CDATA[08:22:40.681 [main] INFO org.springframework.test.context.support.AnnotationConfigContextLoaderUtils -- Could not detect default configuration classes for test class [com.example.apigateway.ApigatewayApplicationTests]: ApigatewayApplicationTests does not declare any static, non-private, non-final, nested classes annotated with @Configuration.
08:22:40.800 [main] INFO org.springframework.boot.test.context.SpringBootTestContextBootstrapper -- Found @SpringBootConfiguration com.example.apigateway.ApigatewayApplication for test class com.example.apigateway.ApigatewayApplicationTests

  .   ____          _            __ _ _
 /\\ / ___'_ __ _ _(_)_ __  __ _ \ \ \ \
( ( )\___ | '_ | '_| | '_ \/ _` | \ \ \ \
 \\/  ___)| |_)| | | | | || (_| |  ) ) ) )
  '  |____| .__|_| |_|_| |_\__, | / / / /
 =========|_|==============|___/=/_/_/_/

 :: Spring Boot ::                (v3.3.5)

2024-11-08T08:22:42.534+01:00  INFO 14116 --- [Apigateway] [           main] c.e.a.ApigatewayApplicationTests         : Starting ApigatewayApplicationTests using Java 17.0.13 with PID 14116 (started by wassi in C:\Users\wassi\Documents\GitHub\Mini-Projet_Applications-Web-Distribuees\Apigateway)
2024-11-08T08:22:42.535+01:00  INFO 14116 --- [Apigateway] [           main] c.e.a.ApigatewayApplicationTests         : No active profile set, falling back to 1 default profile: "default"
2024-11-08T08:22:43.518+01:00  INFO 14116 --- [Apigateway] [           main] o.s.cloud.context.scope.GenericScope     : BeanFactory id=386a233f-0acd-3a45-97b4-c4b3bc61056c
2024-11-08T08:22:43.631+01:00  WARN 14116 --- [Apigateway] [           main] trationDelegate$BeanPostProcessorChecker : Bean 'org.springframework.cloud.client.loadbalancer.LoadBalancerAutoConfiguration$DeferringLoadBalancerInterceptorConfig' of type [org.springframework.cloud.client.loadbalancer.LoadBalancerAutoConfiguration$DeferringLoadBalancerInterceptorConfig] is not eligible for getting processed by all BeanPostProcessors (for example: not eligible for auto-proxying). The currently created BeanPostProcessor [lbRestClientPostProcessor] is declared through a non-static factory method on that class; consider declaring it as static instead.
2024-11-08T08:22:43.635+01:00  WARN 14116 --- [Apigateway] [           main] trationDelegate$BeanPostProcessorChecker : Bean 'deferringLoadBalancerInterceptor' of type [org.springframework.cloud.client.loadbalancer.DeferringLoadBalancerInterceptor] is not eligible for getting processed by all BeanPostProcessors (for example: not eligible for auto-proxying). Is this bean getting eagerly injected/applied to a currently created BeanPostProcessor [lbRestClientPostProcessor]? Check the corresponding BeanPostProcessor declaration and its dependencies/advisors. If this bean does not have to be post-processed, declare it with ROLE_INFRASTRUCTURE.
2024-11-08T08:22:43.637+01:00  WARN 14116 --- [Apigateway] [           main] trationDelegate$BeanPostProcessorChecker : Bean 'org.springframework.cloud.client.loadbalancer.reactive.LoadBalancerBeanPostProcessorAutoConfiguration' of type [org.springframework.cloud.client.loadbalancer.reactive.LoadBalancerBeanPostProcessorAutoConfiguration] is not eligible for getting processed by all BeanPostProcessors (for example: not eligible for auto-proxying). The currently created BeanPostProcessor [loadBalancerWebClientBuilderBeanPostProcessor] is declared through a non-static factory method on that class; consider declaring it as static instead.
2024-11-08T08:22:43.638+01:00  WARN 14116 --- [Apigateway] [           main] trationDelegate$BeanPostProcessorChecker : Bean 'org.springframework.cloud.client.loadbalancer.reactive.LoadBalancerBeanPostProcessorAutoConfiguration$ReactorDeferringLoadBalancerFilterConfig' of type [org.springframework.cloud.client.loadbalancer.reactive.LoadBalancerBeanPostProcessorAutoConfiguration$ReactorDeferringLoadBalancerFilterConfig] is not eligible for getting processed by all BeanPostProcessors (for example: not eligible for auto-proxying). Is this bean getting eagerly injected/applied to a currently created BeanPostProcessor [loadBalancerWebClientBuilderBeanPostProcessor]? Check the corresponding BeanPostProcessor declaration and its dependencies/advisors. If this bean does not have to be post-processed, declare it with ROLE_INFRASTRUCTURE.
2024-11-08T08:22:43.640+01:00  WARN 14116 --- [Apigateway] [           main] trationDelegate$BeanPostProcessorChecker : Bean 'reactorDeferringLoadBalancerExchangeFilterFunction' of type [org.springframework.cloud.client.loadbalancer.reactive.DeferringLoadBalancerExchangeFilterFunction] is not eligible for getting processed by all BeanPostProcessors (for example: not eligible for auto-proxying). Is this bean getting eagerly injected/applied to a currently created BeanPostProcessor [loadBalancerWebClientBuilderBeanPostProcessor]? Check the corresponding BeanPostProcessor declaration and its dependencies/advisors. If this bean does not have to be post-processed, declare it with ROLE_INFRASTRUCTURE.
2024-11-08T08:22:45.333+01:00  INFO 14116 --- [Apigateway] [           main] o.s.cloud.commons.util.InetUtils         : Cannot determine local hostname
2024-11-08T08:22:46.526+01:00  INFO 14116 --- [Apigateway] [           main] o.s.cloud.commons.util.InetUtils         : Cannot determine local hostname
2024-11-08T08:22:46.879+01:00  INFO 14116 --- [Apigateway] [           main] o.s.c.g.r.RouteDefinitionRouteLocator    : Loaded RoutePredicateFactory [After]
2024-11-08T08:22:46.879+01:00  INFO 14116 --- [Apigateway] [           main] o.s.c.g.r.RouteDefinitionRouteLocator    : Loaded RoutePredicateFactory [Before]
2024-11-08T08:22:46.880+01:00  INFO 14116 --- [Apigateway] [           main] o.s.c.g.r.RouteDefinitionRouteLocator    : Loaded RoutePredicateFactory [Between]
2024-11-08T08:22:46.880+01:00  INFO 14116 --- [Apigateway] [           main] o.s.c.g.r.RouteDefinitionRouteLocator    : Loaded RoutePredicateFactory [Cookie]
2024-11-08T08:22:46.880+01:00  INFO 14116 --- [Apigateway] [           main] o.s.c.g.r.RouteDefinitionRouteLocator    : Loaded RoutePredicateFactory [Header]
2024-11-08T08:22:46.880+01:00  INFO 14116 --- [Apigateway] [           main] o.s.c.g.r.RouteDefinitionRouteLocator    : Loaded RoutePredicateFactory [Host]
2024-11-08T08:22:46.880+01:00  INFO 14116 --- [Apigateway] [           main] o.s.c.g.r.RouteDefinitionRouteLocator    : Loaded RoutePredicateFactory [Method]
2024-11-08T08:22:46.880+01:00  INFO 14116 --- [Apigateway] [           main] o.s.c.g.r.RouteDefinitionRouteLocator    : Loaded RoutePredicateFactory [Path]
2024-11-08T08:22:46.880+01:00  INFO 14116 --- [Apigateway] [           main] o.s.c.g.r.RouteDefinitionRouteLocator    : Loaded RoutePredicateFactory [Query]
2024-11-08T08:22:46.880+01:00  INFO 14116 --- [Apigateway] [           main] o.s.c.g.r.RouteDefinitionRouteLocator    : Loaded RoutePredicateFactory [ReadBody]
2024-11-08T08:22:46.880+01:00  INFO 14116 --- [Apigateway] [           main] o.s.c.g.r.RouteDefinitionRouteLocator    : Loaded RoutePredicateFactory [RemoteAddr]
2024-11-08T08:22:46.880+01:00  INFO 14116 --- [Apigateway] [           main] o.s.c.g.r.RouteDefinitionRouteLocator    : Loaded RoutePredicateFactory [XForwardedRemoteAddr]
2024-11-08T08:22:46.880+01:00  INFO 14116 --- [Apigateway] [           main] o.s.c.g.r.RouteDefinitionRouteLocator    : Loaded RoutePredicateFactory [Weight]
2024-11-08T08:22:46.881+01:00  INFO 14116 --- [Apigateway] [           main] o.s.c.g.r.RouteDefinitionRouteLocator    : Loaded RoutePredicateFactory [CloudFoundryRouteService]
2024-11-08T08:22:48.356+01:00  INFO 14116 --- [Apigateway] [           main] o.s.cloud.commons.util.InetUtils         : Cannot determine local hostname
2024-11-08T08:22:48.391+01:00  INFO 14116 --- [Apigateway] [           main] DiscoveryClientOptionalArgsConfiguration : Eureka HTTP Client uses RestTemplate.
2024-11-08T08:22:48.422+01:00  WARN 14116 --- [Apigateway] [           main] iguration$LoadBalancerCaffeineWarnLogger : Spring Cloud LoadBalancer is currently working with the default cache. While this cache implementation is useful for development and tests, it's recommended to use Caffeine cache in production.You can switch to using Caffeine cache, by adding it and org.springframework.cache.caffeine.CaffeineCacheManager to the classpath.
2024-11-08T08:22:48.461+01:00  INFO 14116 --- [Apigateway] [           main] o.s.c.n.eureka.InstanceInfoFactory       : Setting initial instance status as: STARTING
2024-11-08T08:22:48.490+01:00  INFO 14116 --- [Apigateway] [           main] com.netflix.discovery.DiscoveryClient    : Initializing Eureka in region us-east-1
2024-11-08T08:22:48.497+01:00  INFO 14116 --- [Apigateway] [           main] c.n.d.s.r.aws.ConfigClusterResolver      : Resolving eureka endpoints via configuration
2024-11-08T08:22:48.510+01:00  INFO 14116 --- [Apigateway] [           main] com.netflix.discovery.DiscoveryClient    : Disable delta property : false
2024-11-08T08:22:48.510+01:00  INFO 14116 --- [Apigateway] [           main] com.netflix.discovery.DiscoveryClient    : Single vip registry refresh property : null
2024-11-08T08:22:48.510+01:00  INFO 14116 --- [Apigateway] [           main] com.netflix.discovery.DiscoveryClient    : Force full registry fetch : false
2024-11-08T08:22:48.510+01:00  INFO 14116 --- [Apigateway] [           main] com.netflix.discovery.DiscoveryClient    : Application is null : false
2024-11-08T08:22:48.510+01:00  INFO 14116 --- [Apigateway] [           main] com.netflix.discovery.DiscoveryClient    : Registered Applications size is zero : true
2024-11-08T08:22:48.511+01:00  INFO 14116 --- [Apigateway] [           main] com.netflix.discovery.DiscoveryClient    : Application version is -1: true
2024-11-08T08:22:48.511+01:00  INFO 14116 --- [Apigateway] [           main] com.netflix.discovery.DiscoveryClient    : Getting all instance registry info from the eureka server
2024-11-08T08:22:48.968+01:00  INFO 14116 --- [Apigateway] [           main] com.netflix.discovery.DiscoveryClient    : The response status is 200
2024-11-08T08:22:48.970+01:00  INFO 14116 --- [Apigateway] [           main] com.netflix.discovery.DiscoveryClient    : Starting heartbeat executor: renew interval is: 30
2024-11-08T08:22:48.971+01:00  INFO 14116 --- [Apigateway] [           main] c.n.discovery.InstanceInfoReplicator     : InstanceInfoReplicator onDemand update allowed rate per min is 4
2024-11-08T08:22:48.973+01:00  INFO 14116 --- [Apigateway] [           main] com.netflix.discovery.DiscoveryClient    : Discovery Client initialized at timestamp 1731050568972 with initial instances count: 1
2024-11-08T08:22:48.977+01:00  INFO 14116 --- [Apigateway] [           main] o.s.c.n.e.s.EurekaServiceRegistry        : Registering application APIGATEWAY with eureka with status UP
2024-11-08T08:22:48.978+01:00  INFO 14116 --- [Apigateway] [           main] com.netflix.discovery.DiscoveryClient    : Saw local status change event StatusChangeEvent [timestamp=1731050568978, current=UP, previous=STARTING]
2024-11-08T08:22:48.981+01:00  INFO 14116 --- [Apigateway] [foReplicator-%d] com.netflix.discovery.DiscoveryClient    : DiscoveryClient_APIGATEWAY/localhost:Apigateway:8099: registering service...
2024-11-08T08:22:49.036+01:00  INFO 14116 --- [Apigateway] [foReplicator-%d] com.netflix.discovery.DiscoveryClient    : DiscoveryClient_APIGATEWAY/localhost:Apigateway:8099 - registration status: 204
2024-11-08T08:22:49.107+01:00  INFO 14116 --- [Apigateway] [           main] c.e.a.ApigatewayApplicationTests         : Started ApigatewayApplicationTests in 8.164 seconds (process running for 9.197)
]]></system-out>
  </testcase>
</testsuite>