<?xml version="1.0" encoding="UTF-8"?>
<testsuite xmlns:xsi="http://www.w3.org/2001/XMLSchema-instance" xsi:noNamespaceSchemaLocation="https://maven.apache.org/surefire/maven-surefire-plugin/xsd/surefire-test-report-3.0.xsd" version="3.0" name="com.example.inscriptionevent.InscriptionEventApplicationTests" time="16.595" tests="1" errors="0" skipped="0" failures="0">
  <properties>
[...]
</properties>
  <testcase name="contextLoads" classname="com.example.inscriptionevent.InscriptionEventApplicationTests" time="0.91">
    <system-out><![CDATA[22:20:05.643 [main] INFO org.springframework.test.context.support.AnnotationConfigContextLoaderUtils -- Could not detect default configuration classes for test class [com.example.inscriptionevent.InscriptionEventApplicationTests]: InscriptionEventApplicationTests does not declare any static, non-private, non-final, nested classes annotated with @Configuration.
22:20:05.786 [main] INFO org.springframework.boot.test.context.SpringBootTestContextBootstrapper -- Found @SpringBootConfiguration com.example.inscriptionevent.InscriptionEventApplication for test class com.example.inscriptionevent.InscriptionEventApplicationTests

  .   ____          _            __ _ _
 /\\ / ___'_ __ _ _(_)_ __  __ _ \ \ \ \
( ( )\___ | '_ | '_| | '_ \/ _` | \ \ \ \
 \\/  ___)| |_)| | | | | || (_| |  ) ) ) )
  '  |____| .__|_| |_|_| |_\__, | / / / /
 =========|_|==============|___/=/_/_/_/

 :: Spring Boot ::                (v3.3.5)

2024-11-08T22:20:08.508+01:00  INFO 12128 --- [Inscription-Event] [           main] c.e.i.InscriptionEventApplicationTests   : Starting InscriptionEventApplicationTests using Java 17.0.13 with PID 12128 (started by wassi in C:\Users\wassi\Documents\GitHub\Mini-Projet_Applications-Web-Distribuees\Inscription-Event)
2024-11-08T22:20:08.513+01:00  INFO 12128 --- [Inscription-Event] [           main] c.e.i.InscriptionEventApplicationTests   : No active profile set, falling back to 1 default profile: "default"
2024-11-08T22:20:08.572+01:00  INFO 12128 --- [Inscription-Event] [           main] o.s.c.c.c.ConfigServerConfigDataLoader   : Fetching config from server at : http://localhost:8888
2024-11-08T22:20:08.572+01:00  INFO 12128 --- [Inscription-Event] [           main] o.s.c.c.c.ConfigServerConfigDataLoader   : Exception on Url - http://localhost:8888:org.springframework.web.client.ResourceAccessException: I/O error on GET request for "http://localhost:8888/Inscription-Event/default": Connection refused: getsockopt. Will be trying the next url if available
2024-11-08T22:20:08.574+01:00  WARN 12128 --- [Inscription-Event] [           main] o.s.c.c.c.ConfigServerConfigDataLoader   : Could not locate PropertySource ([ConfigServerConfigDataResource@26d820eb uris = array<String>['http://localhost:8888'], optional = true, profiles = 'default']): I/O error on GET request for "http://localhost:8888/Inscription-Event/default": Connection refused: getsockopt
2024-11-08T22:20:08.574+01:00  INFO 12128 --- [Inscription-Event] [           main] o.s.c.c.c.ConfigServerConfigDataLoader   : Fetching config from server at : http://localhost:8888
2024-11-08T22:20:08.574+01:00  INFO 12128 --- [Inscription-Event] [           main] o.s.c.c.c.ConfigServerConfigDataLoader   : Exception on Url - http://localhost:8888:org.springframework.web.client.ResourceAccessException: I/O error on GET request for "http://localhost:8888/Inscription-Event/default": Connection refused: getsockopt. Will be trying the next url if available
2024-11-08T22:20:08.575+01:00  WARN 12128 --- [Inscription-Event] [           main] o.s.c.c.c.ConfigServerConfigDataLoader   : Could not locate PropertySource ([ConfigServerConfigDataResource@4a05d8ae uris = array<String>['http://localhost:8888'], optional = true, profiles = 'default']): I/O error on GET request for "http://localhost:8888/Inscription-Event/default": Connection refused: getsockopt
2024-11-08T22:20:08.575+01:00  INFO 12128 --- [Inscription-Event] [           main] o.s.c.c.c.ConfigServerConfigDataLoader   : Fetching config from server at : http://localhost:8888
2024-11-08T22:20:08.575+01:00  INFO 12128 --- [Inscription-Event] [           main] o.s.c.c.c.ConfigServerConfigDataLoader   : Exception on Url - http://localhost:8888:org.springframework.web.client.ResourceAccessException: I/O error on GET request for "http://localhost:8888/Inscription-Event/default": Connection refused: getsockopt. Will be trying the next url if available
2024-11-08T22:20:08.575+01:00  WARN 12128 --- [Inscription-Event] [           main] o.s.c.c.c.ConfigServerConfigDataLoader   : Could not locate PropertySource ([ConfigServerConfigDataResource@3c904f1e uris = array<String>['http://localhost:8888'], optional = true, profiles = 'default']): I/O error on GET request for "http://localhost:8888/Inscription-Event/default": Connection refused: getsockopt
2024-11-08T22:20:10.479+01:00  INFO 12128 --- [Inscription-Event] [           main] .s.d.r.c.RepositoryConfigurationDelegate : Bootstrapping Spring Data JPA repositories in DEFAULT mode.
2024-11-08T22:20:10.772+01:00  INFO 12128 --- [Inscription-Event] [           main] .s.d.r.c.RepositoryConfigurationDelegate : Finished Spring Data repository scanning in 276 ms. Found 1 JPA repository interface.
2024-11-08T22:20:11.437+01:00  INFO 12128 --- [Inscription-Event] [           main] o.s.cloud.context.scope.GenericScope     : BeanFactory id=dc169e40-53f0-3484-9b04-e515286ab147
2024-11-08T22:20:12.147+01:00  WARN 12128 --- [Inscription-Event] [           main] trationDelegate$BeanPostProcessorChecker : Bean 'org.springframework.cloud.client.loadbalancer.LoadBalancerAutoConfiguration$DeferringLoadBalancerInterceptorConfig' of type [org.springframework.cloud.client.loadbalancer.LoadBalancerAutoConfiguration$DeferringLoadBalancerInterceptorConfig] is not eligible for getting processed by all BeanPostProcessors (for example: not eligible for auto-proxying). The currently created BeanPostProcessor [lbRestClientPostProcessor] is declared through a non-static factory method on that class; consider declaring it as static instead.
2024-11-08T22:20:12.153+01:00  WARN 12128 --- [Inscription-Event] [           main] trationDelegate$BeanPostProcessorChecker : Bean 'deferringLoadBalancerInterceptor' of type [org.springframework.cloud.client.loadbalancer.DeferringLoadBalancerInterceptor] is not eligible for getting processed by all BeanPostProcessors (for example: not eligible for auto-proxying). Is this bean getting eagerly injected/applied to a currently created BeanPostProcessor [lbRestClientPostProcessor]? Check the corresponding BeanPostProcessor declaration and its dependencies/advisors. If this bean does not have to be post-processed, declare it with ROLE_INFRASTRUCTURE.
2024-11-08T22:20:12.550+01:00  INFO 12128 --- [Inscription-Event] [           main] o.hibernate.jpa.internal.util.LogHelper  : HHH000204: Processing PersistenceUnitInfo [name: default]
2024-11-08T22:20:12.707+01:00  INFO 12128 --- [Inscription-Event] [           main] org.hibernate.Version                    : HHH000412: Hibernate ORM core version 6.5.3.Final
2024-11-08T22:20:12.792+01:00  INFO 12128 --- [Inscription-Event] [           main] o.h.c.internal.RegionFactoryInitiator    : HHH000026: Second-level cache disabled
2024-11-08T22:20:13.417+01:00  INFO 12128 --- [Inscription-Event] [           main] o.s.o.j.p.SpringPersistenceUnitInfo      : No LoadTimeWeaver setup: ignoring JPA class transformer
2024-11-08T22:20:13.482+01:00  INFO 12128 --- [Inscription-Event] [           main] com.zaxxer.hikari.HikariDataSource       : HikariPool-1 - Starting...
2024-11-08T22:20:13.729+01:00  INFO 12128 --- [Inscription-Event] [           main] com.zaxxer.hikari.pool.HikariPool        : HikariPool-1 - Added connection com.mysql.cj.jdbc.ConnectionImpl@50e0b472
2024-11-08T22:20:13.732+01:00  INFO 12128 --- [Inscription-Event] [           main] com.zaxxer.hikari.HikariDataSource       : HikariPool-1 - Start completed.
2024-11-08T22:20:13.806+01:00  WARN 12128 --- [Inscription-Event] [           main] org.hibernate.dialect.Dialect            : HHH000511: The 5.5.5 version for [org.hibernate.dialect.MySQLDialect] is no longer supported, hence certain features may not work properly. The minimum supported version is 8.0.0. Check the community dialects project for available legacy versions.
2024-11-08T22:20:14.763+01:00  INFO 12128 --- [Inscription-Event] [           main] o.h.e.t.j.p.i.JtaPlatformInitiator       : HHH000489: No JTA platform available (set 'hibernate.transaction.jta.platform' to enable JTA platform integration)
2024-11-08T22:20:14.822+01:00  INFO 12128 --- [Inscription-Event] [           main] j.LocalContainerEntityManagerFactoryBean : Initialized JPA EntityManagerFactory for persistence unit 'default'
2024-11-08T22:20:15.571+01:00  WARN 12128 --- [Inscription-Event] [           main] JpaBaseConfiguration$JpaWebConfiguration : spring.jpa.open-in-view is enabled by default. Therefore, database queries may be performed during view rendering. Explicitly configure spring.jpa.open-in-view to disable this warning
2024-11-08T22:20:17.812+01:00  INFO 12128 --- [Inscription-Event] [           main] o.s.cloud.commons.util.InetUtils         : Cannot determine local hostname
2024-11-08T22:20:19.854+01:00  INFO 12128 --- [Inscription-Event] [           main] o.s.cloud.commons.util.InetUtils         : Cannot determine local hostname
2024-11-08T22:20:19.896+01:00  INFO 12128 --- [Inscription-Event] [           main] DiscoveryClientOptionalArgsConfiguration : Eureka HTTP Client uses RestTemplate.
2024-11-08T22:20:20.035+01:00  WARN 12128 --- [Inscription-Event] [           main] iguration$LoadBalancerCaffeineWarnLogger : Spring Cloud LoadBalancer is currently working with the default cache. While this cache implementation is useful for development and tests, it's recommended to use Caffeine cache in production.You can switch to using Caffeine cache, by adding it and org.springframework.cache.caffeine.CaffeineCacheManager to the classpath.
2024-11-08T22:20:20.054+01:00  INFO 12128 --- [Inscription-Event] [           main] o.s.b.a.e.web.EndpointLinksResolver      : Exposing 1 endpoint beneath base path '/actuator'
2024-11-08T22:20:20.203+01:00  INFO 12128 --- [Inscription-Event] [           main] o.s.c.n.eureka.InstanceInfoFactory       : Setting initial instance status as: STARTING
2024-11-08T22:20:20.250+01:00  INFO 12128 --- [Inscription-Event] [           main] com.netflix.discovery.DiscoveryClient    : Initializing Eureka in region us-east-1
2024-11-08T22:20:20.258+01:00  INFO 12128 --- [Inscription-Event] [           main] c.n.d.s.r.aws.ConfigClusterResolver      : Resolving eureka endpoints via configuration
2024-11-08T22:20:20.276+01:00  INFO 12128 --- [Inscription-Event] [           main] com.netflix.discovery.DiscoveryClient    : Disable delta property : false
2024-11-08T22:20:20.277+01:00  INFO 12128 --- [Inscription-Event] [           main] com.netflix.discovery.DiscoveryClient    : Single vip registry refresh property : null
2024-11-08T22:20:20.277+01:00  INFO 12128 --- [Inscription-Event] [           main] com.netflix.discovery.DiscoveryClient    : Force full registry fetch : false
2024-11-08T22:20:20.277+01:00  INFO 12128 --- [Inscription-Event] [           main] com.netflix.discovery.DiscoveryClient    : Application is null : false
2024-11-08T22:20:20.277+01:00  INFO 12128 --- [Inscription-Event] [           main] com.netflix.discovery.DiscoveryClient    : Registered Applications size is zero : true
2024-11-08T22:20:20.277+01:00  INFO 12128 --- [Inscription-Event] [           main] com.netflix.discovery.DiscoveryClient    : Application version is -1: true
2024-11-08T22:20:20.277+01:00  INFO 12128 --- [Inscription-Event] [           main] com.netflix.discovery.DiscoveryClient    : Getting all instance registry info from the eureka server
2024-11-08T22:20:20.906+01:00  INFO 12128 --- [Inscription-Event] [           main] com.netflix.discovery.DiscoveryClient    : The response status is 200
2024-11-08T22:20:20.909+01:00  INFO 12128 --- [Inscription-Event] [           main] com.netflix.discovery.DiscoveryClient    : Starting heartbeat executor: renew interval is: 30
2024-11-08T22:20:20.913+01:00  INFO 12128 --- [Inscription-Event] [           main] c.n.discovery.InstanceInfoReplicator     : InstanceInfoReplicator onDemand update allowed rate per min is 4
2024-11-08T22:20:20.915+01:00  INFO 12128 --- [Inscription-Event] [           main] com.netflix.discovery.DiscoveryClient    : Discovery Client initialized at timestamp 1731100820915 with initial instances count: 2
2024-11-08T22:20:20.925+01:00  INFO 12128 --- [Inscription-Event] [           main] o.s.c.n.e.s.EurekaServiceRegistry        : Registering application INSCRIPTION-EVENT with eureka with status UP
2024-11-08T22:20:20.925+01:00  INFO 12128 --- [Inscription-Event] [           main] com.netflix.discovery.DiscoveryClient    : Saw local status change event StatusChangeEvent [timestamp=1731100820925, current=UP, previous=STARTING]
2024-11-08T22:20:20.930+01:00  INFO 12128 --- [Inscription-Event] [foReplicator-%d] com.netflix.discovery.DiscoveryClient    : DiscoveryClient_INSCRIPTION-EVENT/localhost:Inscription-Event:8077: registering service...
2024-11-08T22:20:20.965+01:00  INFO 12128 --- [Inscription-Event] [           main] c.e.i.InscriptionEventApplicationTests   : Started InscriptionEventApplicationTests in 14.902 seconds (process running for 16.483)
2024-11-08T22:20:21.004+01:00  INFO 12128 --- [Inscription-Event] [foReplicator-%d] com.netflix.discovery.DiscoveryClient    : DiscoveryClient_INSCRIPTION-EVENT/localhost:Inscription-Event:8077 - registration status: 204
]]></system-out>
  </testcase>
</testsuite>